[2019-07-09 14:46:15] laravel.EMERGENCY: Unable to create configured logger. Using emergency logger. {"exception":"[object] (InvalidArgumentException(code: 0): Log [] is not defined. at /Applications/MAMP/htdocs/Es_5_9_Luglio_products/vendor/laravel/framework/src/Illuminate/Log/LogManager.php:168)
[stacktrace]
#0 /Applications/MAMP/htdocs/Es_5_9_Luglio_products/vendor/laravel/framework/src/Illuminate/Log/LogManager.php(102): Illuminate\\Log\\LogManager->resolve(NULL)
#1 /Applications/MAMP/htdocs/Es_5_9_Luglio_products/vendor/laravel/framework/src/Illuminate/Log/LogManager.php(90): Illuminate\\Log\\LogManager->get(NULL)
#2 /Applications/MAMP/htdocs/Es_5_9_Luglio_products/vendor/laravel/framework/src/Illuminate/Log/LogManager.php(500): Illuminate\\Log\\LogManager->driver()
#3 /Applications/MAMP/htdocs/Es_5_9_Luglio_products/vendor/laravel/framework/src/Illuminate/Foundation/Exceptions/Handler.php(116): Illuminate\\Log\\LogManager->error('syntax error, u...', Array)
#4 /Applications/MAMP/htdocs/Es_5_9_Luglio_products/app/Exceptions/Handler.php(37): Illuminate\\Foundation\\Exceptions\\Handler->report(Object(Symfony\\Component\\Debug\\Exception\\FatalThrowableError))
#5 /Applications/MAMP/htdocs/Es_5_9_Luglio_products/vendor/laravel/framework/src/Illuminate/Foundation/Console/Kernel.php(378): App\\Exceptions\\Handler->report(Object(Symfony\\Component\\Debug\\Exception\\FatalThrowableError))
#6 /Applications/MAMP/htdocs/Es_5_9_Luglio_products/vendor/laravel/framework/src/Illuminate/Foundation/Console/Kernel.php(143): Illuminate\\Foundation\\Console\\Kernel->reportException(Object(Symfony\\Component\\Debug\\Exception\\FatalThrowableError))
#7 /Applications/MAMP/htdocs/Es_5_9_Luglio_products/artisan(37): Illuminate\\Foundation\\Console\\Kernel->handle(Object(Symfony\\Component\\Console\\Input\\ArgvInput), Object(Symfony\\Component\\Console\\Output\\ConsoleOutput))
#8 {main}
"} 
[2019-07-09 14:46:15] laravel.ERROR: syntax error, unexpected 'App' (T_STRING), expecting ']' {"exception":"[object] (Symfony\\Component\\Debug\\Exception\\FatalThrowableError(code: 0): syntax error, unexpected 'App' (T_STRING), expecting ']' at /Applications/MAMP/htdocs/Es_5_9_Luglio_products/config/app.php:172)
[stacktrace]
#0 /Applications/MAMP/htdocs/Es_5_9_Luglio_products/vendor/laravel/framework/src/Illuminate/Foundation/Bootstrap/LoadConfiguration.php(39): Illuminate\\Foundation\\Bootstrap\\LoadConfiguration->loadConfigurationFiles(Object(Illuminate\\Foundation\\Application), Object(Illuminate\\Config\\Repository))
#1 /Applications/MAMP/htdocs/Es_5_9_Luglio_products/vendor/laravel/framework/src/Illuminate/Foundation/Application.php(210): Illuminate\\Foundation\\Bootstrap\\LoadConfiguration->bootstrap(Object(Illuminate\\Foundation\\Application))
#2 /Applications/MAMP/htdocs/Es_5_9_Luglio_products/vendor/laravel/framework/src/Illuminate/Foundation/Console/Kernel.php(322): Illuminate\\Foundation\\Application->bootstrapWith(Array)
#3 /Applications/MAMP/htdocs/Es_5_9_Luglio_products/vendor/laravel/framework/src/Illuminate/Foundation/Console/Kernel.php(131): Illuminate\\Foundation\\Console\\Kernel->bootstrap()
#4 /Applications/MAMP/htdocs/Es_5_9_Luglio_products/artisan(37): Illuminate\\Foundation\\Console\\Kernel->handle(Object(Symfony\\Component\\Console\\Input\\ArgvInput), Object(Symfony\\Component\\Console\\Output\\ConsoleOutput))
#5 {main}
"} 
[2019-07-09 14:54:05] laravel.EMERGENCY: Unable to create configured logger. Using emergency logger. {"exception":"[object] (InvalidArgumentException(code: 0): Log [] is not defined. at /Applications/MAMP/htdocs/Es_5_9_Luglio_products/vendor/laravel/framework/src/Illuminate/Log/LogManager.php:168)
[stacktrace]
#0 /Applications/MAMP/htdocs/Es_5_9_Luglio_products/vendor/laravel/framework/src/Illuminate/Log/LogManager.php(102): Illuminate\\Log\\LogManager->resolve(NULL)
#1 /Applications/MAMP/htdocs/Es_5_9_Luglio_products/vendor/laravel/framework/src/Illuminate/Log/LogManager.php(90): Illuminate\\Log\\LogManager->get(NULL)
#2 /Applications/MAMP/htdocs/Es_5_9_Luglio_products/vendor/laravel/framework/src/Illuminate/Log/LogManager.php(500): Illuminate\\Log\\LogManager->driver()
#3 /Applications/MAMP/htdocs/Es_5_9_Luglio_products/vendor/laravel/framework/src/Illuminate/Foundation/Exceptions/Handler.php(116): Illuminate\\Log\\LogManager->error('syntax error, u...', Array)
#4 /Applications/MAMP/htdocs/Es_5_9_Luglio_products/app/Exceptions/Handler.php(37): Illuminate\\Foundation\\Exceptions\\Handler->report(Object(Symfony\\Component\\Debug\\Exception\\FatalThrowableError))
#5 /Applications/MAMP/htdocs/Es_5_9_Luglio_products/vendor/laravel/framework/src/Illuminate/Foundation/Console/Kernel.php(378): App\\Exceptions\\Handler->report(Object(Symfony\\Component\\Debug\\Exception\\FatalThrowableError))
#6 /Applications/MAMP/htdocs/Es_5_9_Luglio_products/vendor/laravel/framework/src/Illuminate/Foundation/Console/Kernel.php(143): Illuminate\\Foundation\\Console\\Kernel->reportException(Object(Symfony\\Component\\Debug\\Exception\\FatalThrowableError))
#7 /Applications/MAMP/htdocs/Es_5_9_Luglio_products/artisan(37): Illuminate\\Foundation\\Console\\Kernel->handle(Object(Symfony\\Component\\Console\\Input\\ArgvInput), Object(Symfony\\Component\\Console\\Output\\ConsoleOutput))
#8 {main}
"} 
[2019-07-09 14:54:05] laravel.ERROR: syntax error, unexpected 'App' (T_STRING), expecting ']' {"exception":"[object] (Symfony\\Component\\Debug\\Exception\\FatalThrowableError(code: 0): syntax error, unexpected 'App' (T_STRING), expecting ']' at /Applications/MAMP/htdocs/Es_5_9_Luglio_products/config/app.php:172)
[stacktrace]
#0 /Applications/MAMP/htdocs/Es_5_9_Luglio_products/vendor/laravel/framework/src/Illuminate/Foundation/Bootstrap/LoadConfiguration.php(39): Illuminate\\Foundation\\Bootstrap\\LoadConfiguration->loadConfigurationFiles(Object(Illuminate\\Foundation\\Application), Object(Illuminate\\Config\\Repository))
#1 /Applications/MAMP/htdocs/Es_5_9_Luglio_products/vendor/laravel/framework/src/Illuminate/Foundation/Application.php(210): Illuminate\\Foundation\\Bootstrap\\LoadConfiguration->bootstrap(Object(Illuminate\\Foundation\\Application))
#2 /Applications/MAMP/htdocs/Es_5_9_Luglio_products/vendor/laravel/framework/src/Illuminate/Foundation/Console/Kernel.php(322): Illuminate\\Foundation\\Application->bootstrapWith(Array)
#3 /Applications/MAMP/htdocs/Es_5_9_Luglio_products/vendor/laravel/framework/src/Illuminate/Foundation/Console/Kernel.php(131): Illuminate\\Foundation\\Console\\Kernel->bootstrap()
#4 /Applications/MAMP/htdocs/Es_5_9_Luglio_products/artisan(37): Illuminate\\Foundation\\Console\\Kernel->handle(Object(Symfony\\Component\\Console\\Input\\ArgvInput), Object(Symfony\\Component\\Console\\Output\\ConsoleOutput))
#5 {main}
"} 
[2019-07-09 14:54:52] laravel.EMERGENCY: Unable to create configured logger. Using emergency logger. {"exception":"[object] (InvalidArgumentException(code: 0): Log [] is not defined. at /Applications/MAMP/htdocs/Es_5_9_Luglio_products/vendor/laravel/framework/src/Illuminate/Log/LogManager.php:168)
[stacktrace]
#0 /Applications/MAMP/htdocs/Es_5_9_Luglio_products/vendor/laravel/framework/src/Illuminate/Log/LogManager.php(102): Illuminate\\Log\\LogManager->resolve(NULL)
#1 /Applications/MAMP/htdocs/Es_5_9_Luglio_products/vendor/laravel/framework/src/Illuminate/Log/LogManager.php(90): Illuminate\\Log\\LogManager->get(NULL)
#2 /Applications/MAMP/htdocs/Es_5_9_Luglio_products/vendor/laravel/framework/src/Illuminate/Log/LogManager.php(500): Illuminate\\Log\\LogManager->driver()
#3 /Applications/MAMP/htdocs/Es_5_9_Luglio_products/vendor/laravel/framework/src/Illuminate/Foundation/Exceptions/Handler.php(116): Illuminate\\Log\\LogManager->error('syntax error, u...', Array)
#4 /Applications/MAMP/htdocs/Es_5_9_Luglio_products/app/Exceptions/Handler.php(37): Illuminate\\Foundation\\Exceptions\\Handler->report(Object(Symfony\\Component\\Debug\\Exception\\FatalThrowableError))
#5 /Applications/MAMP/htdocs/Es_5_9_Luglio_products/vendor/laravel/framework/src/Illuminate/Foundation/Console/Kernel.php(378): App\\Exceptions\\Handler->report(Object(Symfony\\Component\\Debug\\Exception\\FatalThrowableError))
#6 /Applications/MAMP/htdocs/Es_5_9_Luglio_products/vendor/laravel/framework/src/Illuminate/Foundation/Console/Kernel.php(143): Illuminate\\Foundation\\Console\\Kernel->reportException(Object(Symfony\\Component\\Debug\\Exception\\FatalThrowableError))
#7 /Applications/MAMP/htdocs/Es_5_9_Luglio_products/artisan(37): Illuminate\\Foundation\\Console\\Kernel->handle(Object(Symfony\\Component\\Console\\Input\\ArgvInput), Object(Symfony\\Component\\Console\\Output\\ConsoleOutput))
#8 {main}
"} 
[2019-07-09 14:54:52] laravel.ERROR: syntax error, unexpected 'App' (T_STRING), expecting ']' {"exception":"[object] (Symfony\\Component\\Debug\\Exception\\FatalThrowableError(code: 0): syntax error, unexpected 'App' (T_STRING), expecting ']' at /Applications/MAMP/htdocs/Es_5_9_Luglio_products/config/app.php:172)
[stacktrace]
#0 /Applications/MAMP/htdocs/Es_5_9_Luglio_products/vendor/laravel/framework/src/Illuminate/Foundation/Bootstrap/LoadConfiguration.php(39): Illuminate\\Foundation\\Bootstrap\\LoadConfiguration->loadConfigurationFiles(Object(Illuminate\\Foundation\\Application), Object(Illuminate\\Config\\Repository))
#1 /Applications/MAMP/htdocs/Es_5_9_Luglio_products/vendor/laravel/framework/src/Illuminate/Foundation/Application.php(210): Illuminate\\Foundation\\Bootstrap\\LoadConfiguration->bootstrap(Object(Illuminate\\Foundation\\Application))
#2 /Applications/MAMP/htdocs/Es_5_9_Luglio_products/vendor/laravel/framework/src/Illuminate/Foundation/Console/Kernel.php(322): Illuminate\\Foundation\\Application->bootstrapWith(Array)
#3 /Applications/MAMP/htdocs/Es_5_9_Luglio_products/vendor/laravel/framework/src/Illuminate/Foundation/Console/Kernel.php(131): Illuminate\\Foundation\\Console\\Kernel->bootstrap()
#4 /Applications/MAMP/htdocs/Es_5_9_Luglio_products/artisan(37): Illuminate\\Foundation\\Console\\Kernel->handle(Object(Symfony\\Component\\Console\\Input\\ArgvInput), Object(Symfony\\Component\\Console\\Output\\ConsoleOutput))
#5 {main}
"} 
